<?xml version="1.0" encoding="UTF-8"?>
<coverage generated="1740917363400" clover="3.2.0">
  <project timestamp="1740917363400" name="All files">
    <metrics statements="339" coveredstatements="30" conditionals="338" coveredconditionals="0" methods="45" coveredmethods="0" elements="722" coveredelements="30" complexity="0" loc="339" ncloc="339" packages="1" files="3" classes="3"/>
    <file name="client.ts" path="/home/runner/workspace/src/client.ts">
      <metrics statements="189" coveredstatements="5" conditionals="204" coveredconditionals="0" methods="18" coveredmethods="0"/>
      <line num="5" count="1" type="stmt"/>
      <line num="19" count="1" type="stmt"/>
      <line num="27" count="1" type="stmt"/>
      <line num="35" count="1" type="stmt"/>
      <line num="49" count="0" type="stmt"/>
      <line num="58" count="0" type="stmt"/>
      <line num="74" count="0" type="cond" truecount="0" falsecount="2"/>
      <line num="77" count="0" type="stmt"/>
      <line num="85" count="0" type="cond" truecount="0" falsecount="3"/>
      <line num="88" count="0" type="stmt"/>
      <line num="98" count="0" type="stmt"/>
      <line num="107" count="0" type="cond" truecount="0" falsecount="2"/>
      <line num="116" count="0" type="stmt"/>
      <line num="133" count="0" type="cond" truecount="0" falsecount="2"/>
      <line num="148" count="0" type="stmt"/>
      <line num="151" count="0" type="cond" truecount="0" falsecount="2"/>
      <line num="154" count="0" type="cond" truecount="0" falsecount="6"/>
      <line num="155" count="0" type="cond" truecount="0" falsecount="6"/>
      <line num="158" count="0" type="stmt"/>
      <line num="161" count="0" type="stmt"/>
      <line num="164" count="0" type="cond" truecount="0" falsecount="1"/>
      <line num="165" count="0" type="stmt"/>
      <line num="166" count="0" type="stmt"/>
      <line num="167" count="0" type="cond" truecount="0" falsecount="2"/>
      <line num="168" count="0" type="cond" truecount="0" falsecount="2"/>
      <line num="172" count="0" type="cond" truecount="0" falsecount="2"/>
      <line num="173" count="0" type="stmt"/>
      <line num="174" count="0" type="cond" truecount="0" falsecount="4"/>
      <line num="175" count="0" type="cond" truecount="0" falsecount="2"/>
      <line num="176" count="0" type="stmt"/>
      <line num="178" count="0" type="stmt"/>
      <line num="181" count="0" type="stmt"/>
      <line num="185" count="0" type="stmt"/>
      <line num="200" count="0" type="cond" truecount="0" falsecount="8"/>
      <line num="203" count="0" type="cond" truecount="0" falsecount="3"/>
      <line num="204" count="0" type="stmt"/>
      <line num="208" count="0" type="cond" truecount="0" falsecount="1"/>
      <line num="209" count="0" type="stmt"/>
      <line num="210" count="0" type="stmt"/>
      <line num="212" count="0" type="stmt"/>
      <line num="216" count="0" type="stmt"/>
      <line num="226" count="0" type="stmt"/>
      <line num="230" count="1" type="stmt"/>
      <line num="238" count="0" type="stmt"/>
      <line num="245" count="0" type="cond" truecount="0" falsecount="2"/>
      <line num="246" count="0" type="cond" truecount="0" falsecount="2"/>
      <line num="247" count="0" type="cond" truecount="0" falsecount="2"/>
      <line num="248" count="0" type="cond" truecount="0" falsecount="2"/>
      <line num="249" count="0" type="cond" truecount="0" falsecount="2"/>
      <line num="250" count="0" type="cond" truecount="0" falsecount="2"/>
      <line num="254" count="0" type="stmt"/>
      <line num="265" count="0" type="stmt"/>
      <line num="266" count="0" type="stmt"/>
      <line num="276" count="0" type="stmt"/>
      <line num="277" count="0" type="stmt"/>
      <line num="284" count="0" type="stmt"/>
      <line num="285" count="0" type="stmt"/>
      <line num="294" count="0" type="cond" truecount="0" falsecount="1"/>
      <line num="295" count="0" type="stmt"/>
      <line num="299" count="0" type="cond" truecount="0" falsecount="1"/>
      <line num="300" count="0" type="stmt"/>
      <line num="303" count="0" type="stmt"/>
      <line num="304" count="0" type="stmt"/>
      <line num="311" count="0" type="stmt"/>
      <line num="314" count="0" type="stmt"/>
      <line num="321" count="0" type="stmt"/>
      <line num="340" count="0" type="cond" truecount="0" falsecount="1"/>
      <line num="341" count="0" type="stmt"/>
      <line num="345" count="0" type="stmt"/>
      <line num="353" count="0" type="cond" truecount="0" falsecount="2"/>
      <line num="355" count="0" type="stmt"/>
      <line num="358" count="0" type="cond" truecount="0" falsecount="2"/>
      <line num="359" count="0" type="cond" truecount="0" falsecount="3"/>
      <line num="360" count="0" type="stmt"/>
      <line num="364" count="0" type="cond" truecount="0" falsecount="6"/>
      <line num="366" count="0" type="cond" truecount="0" falsecount="8"/>
      <line num="367" count="0" type="stmt"/>
      <line num="368" count="0" type="stmt"/>
      <line num="370" count="0" type="stmt"/>
      <line num="373" count="0" type="cond" truecount="0" falsecount="4"/>
      <line num="376" count="0" type="stmt"/>
      <line num="380" count="0" type="stmt"/>
      <line num="384" count="0" type="stmt"/>
      <line num="389" count="0" type="cond" truecount="0" falsecount="1"/>
      <line num="390" count="0" type="cond" truecount="0" falsecount="2"/>
      <line num="391" count="0" type="stmt"/>
      <line num="393" count="0" type="stmt"/>
      <line num="398" count="0" type="cond" truecount="0" falsecount="1"/>
      <line num="399" count="0" type="cond" truecount="0" falsecount="1"/>
      <line num="400" count="0" type="stmt"/>
      <line num="402" count="0" type="stmt"/>
      <line num="406" count="0" type="stmt"/>
      <line num="409" count="0" type="cond" truecount="0" falsecount="2"/>
      <line num="411" count="0" type="stmt"/>
      <line num="413" count="0" type="stmt"/>
      <line num="414" count="0" type="cond" truecount="0" falsecount="3"/>
      <line num="415" count="0" type="cond" truecount="0" falsecount="2"/>
      <line num="416" count="0" type="stmt"/>
      <line num="418" count="0" type="stmt"/>
      <line num="424" count="0" type="stmt"/>
      <line num="431" count="0" type="stmt"/>
      <line num="439" count="0" type="cond" truecount="0" falsecount="1"/>
      <line num="440" count="0" type="stmt"/>
      <line num="441" count="0" type="cond" truecount="0" falsecount="2"/>
      <line num="444" count="0" type="cond" truecount="0" falsecount="1"/>
      <line num="445" count="0" type="stmt"/>
      <line num="448" count="0" type="stmt"/>
      <line num="451" count="0" type="stmt"/>
      <line num="467" count="0" type="cond" truecount="0" falsecount="1"/>
      <line num="468" count="0" type="stmt"/>
      <line num="471" count="0" type="cond" truecount="0" falsecount="1"/>
      <line num="472" count="0" type="stmt"/>
      <line num="476" count="0" type="cond" truecount="0" falsecount="2"/>
      <line num="477" count="0" type="cond" truecount="0" falsecount="2"/>
      <line num="481" count="0" type="stmt"/>
      <line num="484" count="0" type="cond" truecount="0" falsecount="2"/>
      <line num="485" count="0" type="cond" truecount="0" falsecount="3"/>
      <line num="486" count="0" type="stmt"/>
      <line num="490" count="0" type="cond" truecount="0" falsecount="6"/>
      <line num="492" count="0" type="cond" truecount="0" falsecount="8"/>
      <line num="493" count="0" type="stmt"/>
      <line num="494" count="0" type="stmt"/>
      <line num="496" count="0" type="stmt"/>
      <line num="499" count="0" type="cond" truecount="0" falsecount="4"/>
      <line num="502" count="0" type="stmt"/>
      <line num="506" count="0" type="stmt"/>
      <line num="512" count="0" type="cond" truecount="0" falsecount="2"/>
      <line num="514" count="0" type="stmt"/>
      <line num="516" count="0" type="stmt"/>
      <line num="518" count="0" type="cond" truecount="0" falsecount="1"/>
      <line num="519" count="0" type="stmt"/>
      <line num="522" count="0" type="stmt"/>
      <line num="523" count="0" type="stmt"/>
      <line num="526" count="0" type="stmt"/>
      <line num="527" count="0" type="cond" truecount="0" falsecount="7"/>
      <line num="530" count="0" type="cond" truecount="0" falsecount="2"/>
      <line num="531" count="0" type="stmt"/>
      <line num="533" count="0" type="stmt"/>
      <line num="539" count="0" type="stmt"/>
      <line num="548" count="0" type="stmt"/>
      <line num="549" count="0" type="cond" truecount="0" falsecount="7"/>
      <line num="552" count="0" type="stmt"/>
      <line num="558" count="0" type="stmt"/>
      <line num="566" count="0" type="cond" truecount="0" falsecount="1"/>
      <line num="567" count="0" type="stmt"/>
      <line num="570" count="0" type="cond" truecount="0" falsecount="1"/>
      <line num="571" count="0" type="stmt"/>
      <line num="574" count="0" type="stmt"/>
      <line num="577" count="0" type="stmt"/>
      <line num="589" count="0" type="stmt"/>
      <line num="591" count="0" type="cond" truecount="0" falsecount="1"/>
      <line num="593" count="0" type="stmt"/>
      <line num="599" count="0" type="stmt"/>
      <line num="600" count="0" type="cond" truecount="0" falsecount="5"/>
      <line num="601" count="0" type="stmt"/>
      <line num="605" count="0" type="stmt"/>
      <line num="608" count="0" type="stmt"/>
      <line num="611" count="0" type="stmt"/>
      <line num="613" count="0" type="stmt"/>
      <line num="614" count="0" type="stmt"/>
      <line num="615" count="0" type="stmt"/>
      <line num="618" count="0" type="stmt"/>
      <line num="623" count="0" type="cond" truecount="0" falsecount="2"/>
      <line num="625" count="0" type="stmt"/>
      <line num="626" count="0" type="stmt"/>
      <line num="629" count="0" type="stmt"/>
      <line num="637" count="0" type="cond" truecount="0" falsecount="2"/>
      <line num="638" count="0" type="stmt"/>
      <line num="643" count="0" type="cond" truecount="0" falsecount="2"/>
      <line num="644" count="0" type="stmt"/>
      <line num="649" count="0" type="cond" truecount="0" falsecount="2"/>
      <line num="650" count="0" type="stmt"/>
      <line num="651" count="0" type="cond" truecount="0" falsecount="2"/>
      <line num="653" count="0" type="stmt"/>
      <line num="658" count="0" type="cond" truecount="0" falsecount="2"/>
      <line num="659" count="0" type="stmt"/>
      <line num="665" count="0" type="stmt"/>
      <line num="671" count="0" type="cond" truecount="0" falsecount="2"/>
      <line num="673" count="0" type="stmt"/>
      <line num="686" count="0" type="stmt"/>
      <line num="708" count="0" type="cond" truecount="0" falsecount="1"/>
      <line num="709" count="0" type="stmt"/>
      <line num="713" count="0" type="cond" truecount="0" falsecount="1"/>
      <line num="714" count="0" type="stmt"/>
      <line num="718" count="0" type="cond" truecount="0" falsecount="3"/>
      <line num="719" count="0" type="stmt"/>
      <line num="723" count="0" type="cond" truecount="0" falsecount="3"/>
      <line num="724" count="0" type="stmt"/>
      <line num="727" count="0" type="stmt"/>
    </file>
    <file name="errors.ts" path="/home/runner/workspace/src/errors.ts">
      <metrics statements="22" coveredstatements="6" conditionals="13" coveredconditionals="0" methods="6" coveredmethods="0"/>
      <line num="17" count="1" type="stmt"/>
      <line num="22" count="0" type="stmt"/>
      <line num="23" count="0" type="stmt"/>
      <line num="24" count="0" type="stmt"/>
      <line num="25" count="0" type="stmt"/>
      <line num="28" count="0" type="cond" truecount="0" falsecount="1"/>
      <line num="29" count="0" type="stmt"/>
      <line num="37" count="1" type="stmt"/>
      <line num="39" count="0" type="stmt"/>
      <line num="40" count="0" type="stmt"/>
      <line num="47" count="1" type="stmt"/>
      <line num="49" count="0" type="stmt"/>
      <line num="50" count="0" type="stmt"/>
      <line num="57" count="1" type="stmt"/>
      <line num="59" count="0" type="stmt"/>
      <line num="60" count="0" type="stmt"/>
      <line num="67" count="1" type="stmt"/>
      <line num="69" count="0" type="stmt"/>
      <line num="70" count="0" type="stmt"/>
      <line num="77" count="1" type="stmt"/>
      <line num="79" count="0" type="stmt"/>
      <line num="80" count="0" type="stmt"/>
    </file>
    <file name="utils.ts" path="/home/runner/workspace/src/utils.ts">
      <metrics statements="128" coveredstatements="19" conditionals="121" coveredconditionals="0" methods="21" coveredmethods="0"/>
      <line num="15" count="1" type="stmt"/>
      <line num="23" count="1" type="stmt"/>
      <line num="24" count="0" type="cond" truecount="0" falsecount="3"/>
      <line num="25" count="0" type="stmt"/>
      <line num="28" count="0" type="stmt"/>
      <line num="30" count="0" type="stmt"/>
      <line num="31" count="0" type="cond" truecount="0" falsecount="3"/>
      <line num="32" count="0" type="stmt"/>
      <line num="35" count="0" type="cond" truecount="0" falsecount="2"/>
      <line num="36" count="0" type="stmt"/>
      <line num="38" count="0" type="stmt"/>
      <line num="43" count="0" type="stmt"/>
      <line num="51" count="1" type="stmt"/>
      <line num="52" count="0" type="cond" truecount="0" falsecount="3"/>
      <line num="53" count="0" type="stmt"/>
      <line num="57" count="0" type="cond" truecount="0" falsecount="3"/>
      <line num="58" count="0" type="cond" truecount="0" falsecount="1"/>
      <line num="59" count="0" type="stmt"/>
      <line num="63" count="0" type="cond" truecount="0" falsecount="1"/>
      <line num="64" count="0" type="stmt"/>
      <line num="69" count="0" type="cond" truecount="0" falsecount="3"/>
      <line num="70" count="0" type="cond" truecount="0" falsecount="1"/>
      <line num="71" count="0" type="stmt"/>
      <line num="75" count="0" type="cond" truecount="0" falsecount="1"/>
      <line num="76" count="0" type="stmt"/>
      <line num="81" count="0" type="cond" truecount="0" falsecount="3"/>
      <line num="82" count="0" type="stmt"/>
      <line num="85" count="0" type="cond" truecount="0" falsecount="3"/>
      <line num="86" count="0" type="stmt"/>
      <line num="95" count="1" type="stmt"/>
      <line num="96" count="0" type="stmt"/>
      <line num="104" count="1" type="stmt"/>
      <line num="105" count="0" type="stmt"/>
      <line num="113" count="1" type="stmt"/>
      <line num="114" count="0" type="stmt"/>
      <line num="115" count="0" type="stmt"/>
      <line num="117" count="0" type="stmt"/>
      <line num="126" count="1" type="stmt"/>
      <line num="127" count="0" type="cond" truecount="0" falsecount="4"/>
      <line num="138" count="1" type="stmt"/>
      <line num="139" count="0" type="stmt"/>
      <line num="147" count="1" type="stmt"/>
      <line num="148" count="0" type="stmt"/>
      <line num="156" count="1" type="stmt"/>
      <line num="157" count="0" type="stmt"/>
      <line num="176" count="0" type="cond" truecount="0" falsecount="2"/>
      <line num="186" count="1" type="stmt"/>
      <line num="192" count="0" type="cond" truecount="0" falsecount="1"/>
      <line num="193" count="0" type="stmt"/>
      <line num="197" count="0" type="cond" truecount="0" falsecount="1"/>
      <line num="198" count="0" type="cond" truecount="0" falsecount="2"/>
      <line num="202" count="0" type="cond" truecount="0" falsecount="1"/>
      <line num="206" count="0" type="cond" truecount="0" falsecount="2"/>
      <line num="207" count="0" type="stmt"/>
      <line num="208" count="0" type="cond" truecount="0" falsecount="2"/>
      <line num="209" count="0" type="stmt"/>
      <line num="211" count="0" type="stmt"/>
      <line num="215" count="0" type="stmt"/>
      <line num="223" count="0" type="cond" truecount="0" falsecount="3"/>
      <line num="226" count="0" type="stmt"/>
      <line num="229" count="0" type="stmt"/>
      <line num="238" count="1" type="stmt"/>
      <line num="239" count="0" type="stmt"/>
      <line num="248" count="0" type="cond" truecount="0" falsecount="2"/>
      <line num="256" count="1" type="stmt"/>
      <line num="257" count="0" type="stmt"/>
      <line num="258" count="0" type="stmt"/>
      <line num="261" count="0" type="stmt"/>
      <line num="262" count="0" type="stmt"/>
      <line num="268" count="0" type="stmt"/>
      <line num="277" count="1" type="stmt"/>
      <line num="278" count="0" type="cond" truecount="0" falsecount="1"/>
      <line num="279" count="0" type="stmt"/>
      <line num="282" count="0" type="stmt"/>
      <line num="284" count="0" type="stmt"/>
      <line num="285" count="0" type="cond" truecount="0" falsecount="1"/>
      <line num="286" count="0" type="stmt"/>
      <line num="287" count="0" type="stmt"/>
      <line num="292" count="0" type="stmt"/>
      <line num="296" count="0" type="stmt"/>
      <line num="305" count="1" type="stmt"/>
      <line num="307" count="0" type="cond" truecount="0" falsecount="3"/>
      <line num="308" count="0" type="stmt"/>
      <line num="312" count="0" type="cond" truecount="0" falsecount="1"/>
      <line num="313" count="0" type="stmt"/>
      <line num="314" count="0" type="stmt"/>
      <line num="316" count="0" type="stmt"/>
      <line num="320" count="0" type="stmt"/>
      <line num="329" count="1" type="stmt"/>
      <line num="330" count="0" type="stmt"/>
      <line num="333" count="0" type="cond" truecount="0" falsecount="5"/>
      <line num="334" count="0" type="stmt"/>
      <line num="335" count="0" type="cond" truecount="0" falsecount="2"/>
      <line num="336" count="0" type="stmt"/>
      <line num="339" count="0" type="stmt"/>
      <line num="348" count="1" type="stmt"/>
      <line num="349" count="0" type="stmt"/>
      <line num="352" count="0" type="cond" truecount="0" falsecount="8"/>
      <line num="353" count="0" type="stmt"/>
      <line num="364" count="0" type="cond" truecount="0" falsecount="7"/>
      <line num="366" count="0" type="stmt"/>
      <line num="369" count="0" type="stmt"/>
      <line num="379" count="1" type="stmt"/>
      <line num="384" count="0" type="cond" truecount="0" falsecount="5"/>
      <line num="386" count="0" type="cond" truecount="0" falsecount="4"/>
      <line num="389" count="0" type="cond" truecount="0" falsecount="4"/>
      <line num="392" count="0" type="cond" truecount="0" falsecount="4"/>
      <line num="396" count="0" type="stmt"/>
      <line num="407" count="1" type="stmt"/>
      <line num="412" count="0" type="stmt"/>
      <line num="415" count="0" type="cond" truecount="0" falsecount="2"/>
      <line num="418" count="0" type="cond" truecount="0" falsecount="6"/>
      <line num="419" count="0" type="cond" truecount="0" falsecount="6"/>
      <line num="422" count="0" type="stmt"/>
      <line num="425" count="0" type="stmt"/>
      <line num="428" count="0" type="cond" truecount="0" falsecount="1"/>
      <line num="429" count="0" type="stmt"/>
      <line num="430" count="0" type="stmt"/>
      <line num="431" count="0" type="cond" truecount="0" falsecount="2"/>
      <line num="432" count="0" type="cond" truecount="0" falsecount="2"/>
      <line num="436" count="0" type="cond" truecount="0" falsecount="2"/>
      <line num="437" count="0" type="stmt"/>
      <line num="438" count="0" type="cond" truecount="0" falsecount="4"/>
      <line num="439" count="0" type="cond" truecount="0" falsecount="2"/>
      <line num="440" count="0" type="stmt"/>
      <line num="442" count="0" type="stmt"/>
      <line num="445" count="0" type="stmt"/>
      <line num="449" count="0" type="stmt"/>
    </file>
  </project>
</coverage>
