<?xml version="1.0" encoding="UTF-8"?>
<coverage generated="1740915775434" clover="3.2.0">
  <project timestamp="1740915775434" name="All files">
    <metrics statements="108" coveredstatements="107" conditionals="87" coveredconditionals="80" methods="19" coveredmethods="19" elements="214" coveredelements="206" complexity="0" loc="108" ncloc="108" packages="1" files="3" classes="3"/>
    <file name="client.ts" path="/home/runner/workspace/src/client.ts">
      <metrics statements="57" coveredstatements="56" conditionals="50" coveredconditionals="43" methods="8" coveredmethods="8"/>
      <line num="5" count="2" type="stmt"/>
      <line num="14" count="2" type="stmt"/>
      <line num="22" count="2" type="stmt"/>
      <line num="24" count="2" type="stmt"/>
      <line num="28" count="27" type="stmt"/>
      <line num="35" count="27" type="cond" truecount="2" falsecount="0"/>
      <line num="36" count="27" type="cond" truecount="2" falsecount="0"/>
      <line num="38" count="27" type="stmt"/>
      <line num="49" count="27" type="stmt"/>
      <line num="50" count="1" type="stmt"/>
      <line num="60" count="1" type="stmt"/>
      <line num="61" count="1" type="stmt"/>
      <line num="68" count="1" type="stmt"/>
      <line num="69" count="1" type="stmt"/>
      <line num="78" count="11" type="cond" truecount="1" falsecount="0"/>
      <line num="79" count="1" type="stmt"/>
      <line num="83" count="10" type="cond" truecount="1" falsecount="0"/>
      <line num="84" count="1" type="stmt"/>
      <line num="87" count="9" type="stmt"/>
      <line num="88" count="9" type="stmt"/>
      <line num="95" count="9" type="stmt"/>
      <line num="96" count="8" type="stmt"/>
      <line num="99" count="1" type="stmt"/>
      <line num="117" count="7" type="cond" truecount="3" falsecount="0"/>
      <line num="118" count="2" type="stmt"/>
      <line num="121" count="5" type="stmt"/>
      <line num="127" count="5" type="cond" truecount="1" falsecount="0"/>
      <line num="128" count="4" type="cond" truecount="2" falsecount="0"/>
      <line num="129" count="3" type="stmt"/>
      <line num="131" count="1" type="stmt"/>
      <line num="136" count="5" type="cond" truecount="1" falsecount="0"/>
      <line num="137" count="1" type="cond" truecount="0" falsecount="1"/>
      <line num="138" count="0" type="stmt"/>
      <line num="140" count="1" type="stmt"/>
      <line num="143" count="5" type="stmt"/>
      <line num="160" count="5" type="cond" truecount="3" falsecount="0"/>
      <line num="161" count="2" type="stmt"/>
      <line num="164" count="3" type="cond" truecount="1" falsecount="0"/>
      <line num="165" count="1" type="stmt"/>
      <line num="175" count="2" type="stmt"/>
      <line num="178" count="2" type="stmt"/>
      <line num="187" count="2" type="stmt"/>
      <line num="199" count="10" type="cond" truecount="2" falsecount="0"/>
      <line num="201" count="7" type="stmt"/>
      <line num="202" count="7" type="stmt"/>
      <line num="204" count="7" type="cond" truecount="2" falsecount="0"/>
      <line num="205" count="1" type="stmt"/>
      <line num="210" count="6" type="cond" truecount="2" falsecount="0"/>
      <line num="211" count="1" type="stmt"/>
      <line num="216" count="5" type="cond" truecount="2" falsecount="0"/>
      <line num="217" count="1" type="stmt"/>
      <line num="222" count="4" type="cond" truecount="2" falsecount="0"/>
      <line num="223" count="2" type="stmt"/>
      <line num="229" count="2" type="stmt"/>
      <line num="235" count="3" type="cond" truecount="2" falsecount="0"/>
      <line num="237" count="1" type="stmt"/>
      <line num="244" count="2" type="stmt"/>
    </file>
    <file name="errors.ts" path="/home/runner/workspace/src/errors.ts">
      <metrics statements="22" coveredstatements="22" conditionals="13" coveredconditionals="13" methods="6" coveredmethods="6"/>
      <line num="17" count="4" type="stmt"/>
      <line num="22" count="28" type="stmt"/>
      <line num="23" count="28" type="stmt"/>
      <line num="24" count="28" type="stmt"/>
      <line num="25" count="28" type="stmt"/>
      <line num="28" count="28" type="cond" truecount="1" falsecount="0"/>
      <line num="29" count="28" type="stmt"/>
      <line num="37" count="4" type="stmt"/>
      <line num="39" count="3" type="stmt"/>
      <line num="40" count="3" type="stmt"/>
      <line num="47" count="4" type="stmt"/>
      <line num="49" count="12" type="stmt"/>
      <line num="50" count="12" type="stmt"/>
      <line num="57" count="4" type="stmt"/>
      <line num="59" count="2" type="stmt"/>
      <line num="60" count="2" type="stmt"/>
      <line num="67" count="4" type="stmt"/>
      <line num="69" count="2" type="stmt"/>
      <line num="70" count="2" type="stmt"/>
      <line num="77" count="4" type="stmt"/>
      <line num="79" count="3" type="stmt"/>
      <line num="80" count="3" type="stmt"/>
    </file>
    <file name="utils.ts" path="/home/runner/workspace/src/utils.ts">
      <metrics statements="29" coveredstatements="29" conditionals="24" coveredconditionals="24" methods="5" coveredmethods="5"/>
      <line num="6" count="3" type="stmt"/>
      <line num="14" count="3" type="stmt"/>
      <line num="15" count="14" type="cond" truecount="3" falsecount="0"/>
      <line num="16" count="11" type="stmt"/>
      <line num="19" count="3" type="stmt"/>
      <line num="21" count="3" type="stmt"/>
      <line num="22" count="6" type="cond" truecount="3" falsecount="0"/>
      <line num="23" count="2" type="stmt"/>
      <line num="26" count="4" type="cond" truecount="2" falsecount="0"/>
      <line num="27" count="1" type="stmt"/>
      <line num="29" count="3" type="stmt"/>
      <line num="34" count="3" type="stmt"/>
      <line num="42" count="3" type="stmt"/>
      <line num="43" count="8" type="cond" truecount="3" falsecount="0"/>
      <line num="44" count="2" type="stmt"/>
      <line num="48" count="6" type="cond" truecount="3" falsecount="0"/>
      <line num="49" count="3" type="cond" truecount="1" falsecount="0"/>
      <line num="50" count="1" type="stmt"/>
      <line num="54" count="2" type="cond" truecount="1" falsecount="0"/>
      <line num="55" count="1" type="stmt"/>
      <line num="60" count="4" type="cond" truecount="3" falsecount="0"/>
      <line num="61" count="2" type="cond" truecount="1" falsecount="0"/>
      <line num="62" count="1" type="stmt"/>
      <line num="72" count="3" type="stmt"/>
      <line num="73" count="4" type="stmt"/>
      <line num="74" count="4" type="stmt"/>
      <line num="76" count="2" type="stmt"/>
      <line num="85" count="3" type="stmt"/>
      <line num="86" count="9" type="cond" truecount="4" falsecount="0"/>
    </file>
  </project>
</coverage>
