TN:
SF:src/client.ts
FN:34,(anonymous_1)
FN:50,(anonymous_2)
FN:59,(anonymous_3)
FN:67,(anonymous_4)
FN:77,(anonymous_5)
FN:111,(anonymous_6)
FN:156,(anonymous_7)
FN:198,(anonymous_8)
FNF:8
FNH:8
FNDA:27,(anonymous_1)
FNDA:1,(anonymous_2)
FNDA:1,(anonymous_3)
FNDA:1,(anonymous_4)
FNDA:11,(anonymous_5)
FNDA:7,(anonymous_6)
FNDA:5,(anonymous_7)
FNDA:10,(anonymous_8)
DA:5,2
DA:14,2
DA:22,2
DA:24,2
DA:28,27
DA:35,27
DA:36,27
DA:38,27
DA:49,27
DA:50,1
DA:60,1
DA:61,1
DA:68,1
DA:69,1
DA:78,11
DA:79,1
DA:83,10
DA:84,1
DA:87,9
DA:88,9
DA:95,9
DA:96,8
DA:99,1
DA:117,7
DA:118,2
DA:121,5
DA:127,5
DA:128,4
DA:129,3
DA:131,1
DA:136,5
DA:137,1
DA:138,0
DA:140,1
DA:143,5
DA:160,5
DA:161,2
DA:164,3
DA:165,1
DA:175,2
DA:178,2
DA:187,2
DA:199,10
DA:201,7
DA:202,7
DA:204,7
DA:205,1
DA:210,6
DA:211,1
DA:216,5
DA:217,1
DA:222,4
DA:223,2
DA:229,2
DA:235,3
DA:237,1
DA:244,2
LF:57
LH:56
BRDA:35,0,0,27
BRDA:35,0,1,26
BRDA:36,1,0,27
BRDA:36,1,1,4
BRDA:43,2,0,23
BRDA:43,2,1,4
BRDA:45,3,0,27
BRDA:45,3,1,26
BRDA:78,4,0,1
BRDA:83,5,0,1
BRDA:89,6,0,9
BRDA:89,6,1,1
BRDA:117,7,0,2
BRDA:117,8,0,7
BRDA:117,8,1,5
BRDA:127,9,0,4
BRDA:128,10,0,3
BRDA:128,10,1,1
BRDA:136,11,0,1
BRDA:137,12,0,0
BRDA:160,13,0,2
BRDA:160,14,0,5
BRDA:160,14,1,3
BRDA:164,15,0,1
BRDA:172,16,0,1
BRDA:173,17,0,1
BRDA:199,18,0,7
BRDA:199,18,1,3
BRDA:204,19,0,1
BRDA:204,19,1,6
BRDA:206,20,0,1
BRDA:206,20,1,0
BRDA:210,21,0,1
BRDA:210,21,1,5
BRDA:212,22,0,1
BRDA:212,22,1,0
BRDA:216,23,0,1
BRDA:216,23,1,4
BRDA:218,24,0,1
BRDA:218,24,1,0
BRDA:222,25,0,2
BRDA:222,25,1,2
BRDA:224,26,0,2
BRDA:224,26,1,0
BRDA:230,27,0,2
BRDA:230,27,1,0
BRDA:235,28,0,1
BRDA:235,28,1,2
BRDA:245,29,0,2
BRDA:245,29,1,0
BRF:50
BRH:43
end_of_record
TN:
SF:src/errors.ts
FN:14,(anonymous_0)
FN:31,(anonymous_1)
FN:41,(anonymous_2)
FN:51,(anonymous_3)
FN:61,(anonymous_4)
FN:71,(anonymous_5)
FNF:6
FNH:6
FNDA:28,(anonymous_0)
FNDA:3,(anonymous_1)
FNDA:12,(anonymous_2)
FNDA:2,(anonymous_3)
FNDA:2,(anonymous_4)
FNDA:3,(anonymous_5)
DA:10,4
DA:15,28
DA:16,28
DA:17,28
DA:18,28
DA:21,28
DA:22,28
DA:30,4
DA:32,3
DA:33,3
DA:40,4
DA:42,12
DA:43,12
DA:50,4
DA:52,2
DA:53,2
DA:60,4
DA:62,2
DA:63,2
DA:70,4
DA:72,3
DA:73,3
LF:22
LH:22
BRDA:14,0,0,1
BRDA:14,1,0,1
BRDA:21,2,0,28
BRDA:31,3,0,2
BRDA:31,4,0,2
BRDA:41,5,0,11
BRDA:41,6,0,11
BRDA:51,7,0,1
BRDA:51,8,0,1
BRDA:61,9,0,1
BRDA:61,10,0,1
BRDA:71,11,0,1
BRDA:71,12,0,1
BRF:13
BRH:13
end_of_record
TN:
SF:src/index.ts
FN:32,(anonymous_9)
FN:50,(anonymous_10)
FN:51,(anonymous_11)
FN:52,(anonymous_12)
FN:53,(anonymous_13)
FN:54,(anonymous_14)
FN:55,(anonymous_15)
FNF:7
FNH:0
FNDA:0,(anonymous_9)
FNDA:0,(anonymous_10)
FNDA:0,(anonymous_11)
FNDA:0,(anonymous_12)
FNDA:0,(anonymous_13)
FNDA:0,(anonymous_14)
FNDA:0,(anonymous_15)
DA:6,1
DA:7,1
DA:22,1
DA:32,1
DA:35,1
DA:50,1
DA:51,1
DA:52,1
DA:53,1
DA:54,1
DA:55,1
DA:59,1
LF:12
LH:12
BRF:0
BRH:0
end_of_record
TN:
SF:src/utils.ts
FN:14,buildUrl
FN:21,(anonymous_1)
FN:42,validateParams
FN:72,safeJsonParse
FN:85,isPlainObject
FNF:5
FNH:5
FNDA:14,buildUrl
FNDA:6,(anonymous_1)
FNDA:8,validateParams
FNDA:4,safeJsonParse
FNDA:9,isPlainObject
DA:6,3
DA:14,3
DA:15,14
DA:16,11
DA:19,3
DA:21,3
DA:22,6
DA:23,2
DA:26,4
DA:27,1
DA:29,3
DA:34,3
DA:42,3
DA:43,8
DA:44,2
DA:48,6
DA:49,3
DA:50,1
DA:54,2
DA:55,1
DA:60,4
DA:61,2
DA:62,1
DA:72,3
DA:73,4
DA:74,4
DA:76,2
DA:85,3
DA:86,9
LF:29
LH:29
BRDA:15,0,0,11
BRDA:15,1,0,14
BRDA:15,1,1,4
BRDA:22,2,0,2
BRDA:22,3,0,6
BRDA:22,3,1,5
BRDA:26,4,0,1
BRDA:26,4,1,3
BRDA:43,5,0,2
BRDA:43,6,0,8
BRDA:43,6,1,7
BRDA:48,7,0,3
BRDA:48,8,0,6
BRDA:48,8,1,3
BRDA:49,9,0,1
BRDA:54,10,0,1
BRDA:60,11,0,2
BRDA:60,12,0,4
BRDA:60,12,1,2
BRDA:61,13,0,1
BRDA:86,14,0,9
BRDA:86,14,1,8
BRDA:86,14,2,5
BRDA:86,14,3,4
BRF:24
BRH:24
end_of_record
