TN:
SF:src/client.ts
FN:48,isBuffer
FN:57,isArrayBuffer
FN:68,encodeInput
FN:97,getContentType
FN:115,getExtensionFromMimeType
FN:143,createFormData
FN:165,(anonymous_7)
FN:195,processOutputEncoding
FN:244,(anonymous_9)
FN:266,(anonymous_10)
FN:275,(anonymous_11)
FN:283,(anonymous_12)
FN:293,(anonymous_13)
FN:333,(anonymous_14)
FN:462,(anonymous_15)
FN:587,(anonymous_16)
FN:608,(anonymous_17)
FN:706,(anonymous_18)
FNF:18
FNH:0
FNDA:0,isBuffer
FNDA:0,isArrayBuffer
FNDA:0,encodeInput
FNDA:0,getContentType
FNDA:0,getExtensionFromMimeType
FNDA:0,createFormData
FNDA:0,(anonymous_7)
FNDA:0,processOutputEncoding
FNDA:0,(anonymous_9)
FNDA:0,(anonymous_10)
FNDA:0,(anonymous_11)
FNDA:0,(anonymous_12)
FNDA:0,(anonymous_13)
FNDA:0,(anonymous_14)
FNDA:0,(anonymous_15)
FNDA:0,(anonymous_16)
FNDA:0,(anonymous_17)
FNDA:0,(anonymous_18)
DA:5,1
DA:19,1
DA:27,1
DA:35,1
DA:49,0
DA:58,0
DA:74,0
DA:77,0
DA:85,0
DA:88,0
DA:98,0
DA:107,0
DA:116,0
DA:133,0
DA:148,0
DA:151,0
DA:154,0
DA:155,0
DA:158,0
DA:161,0
DA:164,0
DA:165,0
DA:166,0
DA:167,0
DA:168,0
DA:172,0
DA:173,0
DA:174,0
DA:175,0
DA:176,0
DA:178,0
DA:181,0
DA:185,0
DA:200,0
DA:203,0
DA:204,0
DA:208,0
DA:209,0
DA:210,0
DA:212,0
DA:216,0
DA:226,0
DA:230,1
DA:238,0
DA:245,0
DA:246,0
DA:247,0
DA:248,0
DA:249,0
DA:250,0
DA:254,0
DA:265,0
DA:266,0
DA:276,0
DA:277,0
DA:284,0
DA:285,0
DA:294,0
DA:295,0
DA:299,0
DA:300,0
DA:303,0
DA:304,0
DA:311,0
DA:314,0
DA:321,0
DA:340,0
DA:341,0
DA:345,0
DA:353,0
DA:355,0
DA:358,0
DA:359,0
DA:360,0
DA:364,0
DA:366,0
DA:367,0
DA:368,0
DA:370,0
DA:373,0
DA:376,0
DA:380,0
DA:384,0
DA:389,0
DA:390,0
DA:391,0
DA:393,0
DA:398,0
DA:399,0
DA:400,0
DA:402,0
DA:406,0
DA:409,0
DA:411,0
DA:413,0
DA:414,0
DA:415,0
DA:416,0
DA:418,0
DA:424,0
DA:431,0
DA:439,0
DA:440,0
DA:441,0
DA:444,0
DA:445,0
DA:448,0
DA:451,0
DA:467,0
DA:468,0
DA:471,0
DA:472,0
DA:476,0
DA:477,0
DA:481,0
DA:484,0
DA:485,0
DA:486,0
DA:490,0
DA:492,0
DA:493,0
DA:494,0
DA:496,0
DA:499,0
DA:502,0
DA:506,0
DA:512,0
DA:514,0
DA:516,0
DA:518,0
DA:519,0
DA:522,0
DA:523,0
DA:526,0
DA:527,0
DA:530,0
DA:531,0
DA:533,0
DA:539,0
DA:548,0
DA:549,0
DA:552,0
DA:558,0
DA:566,0
DA:567,0
DA:570,0
DA:571,0
DA:574,0
DA:577,0
DA:589,0
DA:591,0
DA:593,0
DA:599,0
DA:600,0
DA:601,0
DA:605,0
DA:608,0
DA:611,0
DA:613,0
DA:614,0
DA:615,0
DA:618,0
DA:623,0
DA:625,0
DA:626,0
DA:629,0
DA:637,0
DA:638,0
DA:643,0
DA:644,0
DA:649,0
DA:650,0
DA:651,0
DA:653,0
DA:658,0
DA:659,0
DA:665,0
DA:671,0
DA:673,0
DA:686,0
DA:708,0
DA:709,0
DA:713,0
DA:714,0
DA:718,0
DA:719,0
DA:723,0
DA:724,0
DA:727,0
LF:189
LH:5
BRDA:74,0,0,0
BRDA:74,0,1,0
BRDA:85,1,0,0
BRDA:85,1,1,0
BRDA:85,1,2,0
BRDA:107,2,0,0
BRDA:107,2,1,0
BRDA:133,3,0,0
BRDA:133,3,1,0
BRDA:151,4,0,0
BRDA:151,4,1,0
BRDA:154,5,0,0
BRDA:154,5,1,0
BRDA:154,6,0,0
BRDA:154,6,1,0
BRDA:154,7,0,0
BRDA:154,7,1,0
BRDA:155,8,0,0
BRDA:155,8,1,0
BRDA:155,9,0,0
BRDA:155,9,1,0
BRDA:155,10,0,0
BRDA:155,10,1,0
BRDA:164,11,0,0
BRDA:167,12,0,0
BRDA:167,12,1,0
BRDA:168,13,0,0
BRDA:168,13,1,0
BRDA:172,14,0,0
BRDA:172,14,1,0
BRDA:174,15,0,0
BRDA:174,15,1,0
BRDA:174,16,0,0
BRDA:174,16,1,0
BRDA:175,17,0,0
BRDA:175,17,1,0
BRDA:200,18,0,0
BRDA:200,18,1,0
BRDA:200,18,2,0
BRDA:200,18,3,0
BRDA:200,18,4,0
BRDA:200,18,5,0
BRDA:200,18,6,0
BRDA:200,18,7,0
BRDA:203,19,0,0
BRDA:203,20,0,0
BRDA:203,20,1,0
BRDA:208,21,0,0
BRDA:244,22,0,0
BRDA:245,23,0,0
BRDA:245,23,1,0
BRDA:246,24,0,0
BRDA:246,24,1,0
BRDA:247,25,0,0
BRDA:247,25,1,0
BRDA:248,26,0,0
BRDA:248,26,1,0
BRDA:249,27,0,0
BRDA:249,27,1,0
BRDA:250,28,0,0
BRDA:250,28,1,0
BRDA:259,29,0,0
BRDA:259,29,1,0
BRDA:261,30,0,0
BRDA:261,30,1,0
BRDA:294,31,0,0
BRDA:299,32,0,0
BRDA:305,33,0,0
BRDA:305,33,1,0
BRDA:340,34,0,0
BRDA:348,35,0,0
BRDA:348,35,1,0
BRDA:353,36,0,0
BRDA:353,36,1,0
BRDA:358,37,0,0
BRDA:358,37,1,0
BRDA:359,38,0,0
BRDA:359,39,0,0
BRDA:359,39,1,0
BRDA:364,40,0,0
BRDA:364,40,1,0
BRDA:364,41,0,0
BRDA:364,41,1,0
BRDA:364,41,2,0
BRDA:364,41,3,0
BRDA:366,42,0,0
BRDA:366,42,1,0
BRDA:366,43,0,0
BRDA:366,43,1,0
BRDA:366,44,0,0
BRDA:366,44,1,0
BRDA:366,45,0,0
BRDA:366,45,1,0
BRDA:373,46,0,0
BRDA:373,46,1,0
BRDA:373,47,0,0
BRDA:373,47,1,0
BRDA:389,48,0,0
BRDA:390,49,0,0
BRDA:390,49,1,0
BRDA:398,50,0,0
BRDA:399,51,0,0
BRDA:409,52,0,0
BRDA:409,52,1,0
BRDA:414,53,0,0
BRDA:414,54,0,0
BRDA:414,54,1,0
BRDA:415,55,0,0
BRDA:415,55,1,0
BRDA:439,56,0,0
BRDA:441,57,0,0
BRDA:441,57,1,0
BRDA:444,58,0,0
BRDA:467,59,0,0
BRDA:471,60,0,0
BRDA:476,61,0,0
BRDA:476,61,1,0
BRDA:477,62,0,0
BRDA:477,62,1,0
BRDA:484,63,0,0
BRDA:484,63,1,0
BRDA:485,64,0,0
BRDA:485,65,0,0
BRDA:485,65,1,0
BRDA:490,66,0,0
BRDA:490,66,1,0
BRDA:490,67,0,0
BRDA:490,67,1,0
BRDA:490,67,2,0
BRDA:490,67,3,0
BRDA:492,68,0,0
BRDA:492,68,1,0
BRDA:492,69,0,0
BRDA:492,69,1,0
BRDA:492,70,0,0
BRDA:492,70,1,0
BRDA:492,71,0,0
BRDA:492,71,1,0
BRDA:499,72,0,0
BRDA:499,72,1,0
BRDA:499,73,0,0
BRDA:499,73,1,0
BRDA:512,74,0,0
BRDA:512,74,1,0
BRDA:518,75,0,0
BRDA:527,76,0,0
BRDA:527,77,0,0
BRDA:527,77,1,0
BRDA:527,77,2,0
BRDA:527,77,3,0
BRDA:527,77,4,0
BRDA:527,77,5,0
BRDA:530,78,0,0
BRDA:530,78,1,0
BRDA:549,79,0,0
BRDA:549,80,0,0
BRDA:549,80,1,0
BRDA:549,80,2,0
BRDA:549,80,3,0
BRDA:549,80,4,0
BRDA:549,80,5,0
BRDA:566,81,0,0
BRDA:570,82,0,0
BRDA:587,83,0,0
BRDA:591,84,0,0
BRDA:600,85,0,0
BRDA:600,86,0,0
BRDA:600,86,1,0
BRDA:600,87,0,0
BRDA:600,87,1,0
BRDA:623,88,0,0
BRDA:623,88,1,0
BRDA:637,89,0,0
BRDA:637,89,1,0
BRDA:639,90,0,0
BRDA:639,90,1,0
BRDA:643,91,0,0
BRDA:643,91,1,0
BRDA:645,92,0,0
BRDA:645,92,1,0
BRDA:649,93,0,0
BRDA:649,93,1,0
BRDA:651,94,0,0
BRDA:651,94,1,0
BRDA:654,95,0,0
BRDA:654,95,1,0
BRDA:658,96,0,0
BRDA:658,96,1,0
BRDA:660,97,0,0
BRDA:660,97,1,0
BRDA:666,98,0,0
BRDA:666,98,1,0
BRDA:671,99,0,0
BRDA:671,99,1,0
BRDA:687,100,0,0
BRDA:687,100,1,0
BRDA:708,101,0,0
BRDA:713,102,0,0
BRDA:718,103,0,0
BRDA:718,104,0,0
BRDA:718,104,1,0
BRDA:723,105,0,0
BRDA:723,106,0,0
BRDA:723,106,1,0
BRF:204
BRH:0
end_of_record
TN:
SF:src/errors.ts
FN:21,(anonymous_0)
FN:38,(anonymous_1)
FN:48,(anonymous_2)
FN:58,(anonymous_3)
FN:68,(anonymous_4)
FN:78,(anonymous_5)
FNF:6
FNH:6
FNDA:13,(anonymous_0)
FNDA:1,(anonymous_1)
FNDA:7,(anonymous_2)
FNDA:1,(anonymous_3)
FNDA:1,(anonymous_4)
FNDA:1,(anonymous_5)
DA:17,3
DA:22,13
DA:23,13
DA:24,13
DA:25,13
DA:28,13
DA:29,13
DA:37,3
DA:39,1
DA:40,1
DA:47,3
DA:49,7
DA:50,7
DA:57,3
DA:59,1
DA:60,1
DA:67,3
DA:69,1
DA:70,1
DA:77,3
DA:79,1
DA:80,1
LF:22
LH:22
BRDA:21,0,0,1
BRDA:21,1,0,1
BRDA:28,2,0,13
BRDA:38,3,0,1
BRDA:38,4,0,1
BRDA:48,5,0,7
BRDA:48,6,0,7
BRDA:58,7,0,1
BRDA:58,8,0,1
BRDA:68,9,0,1
BRDA:68,10,0,1
BRDA:78,11,0,1
BRDA:78,12,0,1
BRF:13
BRH:13
end_of_record
TN:
SF:src/utils.ts
FN:23,buildUrl
FN:30,(anonymous_1)
FN:51,validateParams
FN:95,isValidInputEncoding
FN:104,isValidOutputEncoding
FN:113,safeJsonParse
FN:126,isPlainObject
FN:138,isBuffer
FN:147,isArrayBuffer
FN:156,getExtensionFromMimeType
FN:186,encodeInput
FN:238,getContentType
FN:256,extractHeadings
FN:277,generateToc
FN:284,(anonymous_14)
FN:305,processJsonOutput
FN:329,processMarkdownOutput
FN:348,processHtmlOutput
FN:379,processOutputEncoding
FN:407,createFormData
FN:429,(anonymous_20)
FNF:21
FNH:21
FNDA:5,buildUrl
FNDA:6,(anonymous_1)
FNDA:7,validateParams
FNDA:9,isValidInputEncoding
FNDA:10,isValidOutputEncoding
FNDA:4,safeJsonParse
FNDA:9,isPlainObject
FNDA:12,isBuffer
FNDA:11,isArrayBuffer
FNDA:11,getExtensionFromMimeType
FNDA:5,encodeInput
FNDA:11,getContentType
FNDA:6,extractHeadings
FNDA:6,generateToc
FNDA:13,(anonymous_14)
FNDA:8,processJsonOutput
FNDA:6,processMarkdownOutput
FNDA:8,processHtmlOutput
FNDA:8,processOutputEncoding
FNDA:4,createFormData
FNDA:3,(anonymous_20)
DA:15,2
DA:23,2
DA:24,5
DA:25,2
DA:28,3
DA:30,3
DA:31,6
DA:32,2
DA:35,4
DA:36,1
DA:38,3
DA:43,3
DA:51,2
DA:52,7
DA:53,2
DA:57,5
DA:58,2
DA:59,1
DA:63,1
DA:64,0
DA:69,4
DA:70,2
DA:71,1
DA:75,1
DA:76,0
DA:81,3
DA:82,0
DA:85,3
DA:86,0
DA:95,2
DA:96,9
DA:104,2
DA:105,10
DA:113,2
DA:114,4
DA:115,4
DA:117,2
DA:126,2
DA:127,9
DA:138,2
DA:139,12
DA:147,2
DA:148,11
DA:156,2
DA:157,11
DA:176,11
DA:186,2
DA:192,5
DA:193,1
DA:197,4
DA:198,1
DA:202,3
DA:206,3
DA:207,1
DA:208,2
DA:209,1
DA:211,1
DA:215,2
DA:223,2
DA:226,2
DA:229,0
DA:238,2
DA:239,11
DA:248,11
DA:256,2
DA:257,6
DA:258,6
DA:261,6
DA:262,9
DA:268,6
DA:277,2
DA:278,6
DA:279,1
DA:282,5
DA:284,5
DA:285,13
DA:286,11
DA:287,11
DA:292,11
DA:296,5
DA:305,2
DA:307,8
DA:308,2
DA:312,6
DA:313,3
DA:314,3
DA:316,1
DA:320,3
DA:329,2
DA:330,6
DA:333,6
DA:334,3
DA:335,3
DA:336,3
DA:339,3
DA:348,2
DA:349,8
DA:352,8
DA:353,2
DA:364,6
DA:366,2
DA:369,8
DA:379,2
DA:384,8
DA:386,2
DA:389,2
DA:392,2
DA:396,2
DA:407,2
DA:412,4
DA:415,4
DA:418,4
DA:419,4
DA:422,4
DA:425,4
DA:428,4
DA:429,2
DA:430,3
DA:431,3
DA:432,3
DA:436,3
DA:437,1
DA:438,2
DA:439,1
DA:440,1
DA:442,1
DA:445,2
DA:449,3
LF:128
LH:123
BRDA:24,0,0,2
BRDA:24,1,0,5
BRDA:24,1,1,4
BRDA:31,2,0,2
BRDA:31,3,0,6
BRDA:31,3,1,5
BRDA:35,4,0,1
BRDA:35,4,1,3
BRDA:52,5,0,2
BRDA:52,6,0,7
BRDA:52,6,1,6
BRDA:57,7,0,2
BRDA:57,8,0,5
BRDA:57,8,1,2
BRDA:58,9,0,1
BRDA:63,10,0,0
BRDA:69,11,0,2
BRDA:69,12,0,4
BRDA:69,12,1,2
BRDA:70,13,0,1
BRDA:75,14,0,0
BRDA:81,15,0,0
BRDA:81,16,0,3
BRDA:81,16,1,0
BRDA:85,17,0,0
BRDA:85,18,0,3
BRDA:85,18,1,0
BRDA:127,19,0,9
BRDA:127,19,1,8
BRDA:127,19,2,5
BRDA:127,19,3,4
BRDA:176,20,0,11
BRDA:176,20,1,1
BRDA:192,21,0,1
BRDA:197,22,0,1
BRDA:198,23,0,0
BRDA:198,23,1,1
BRDA:202,24,0,3
BRDA:206,25,0,1
BRDA:206,25,1,2
BRDA:208,26,0,1
BRDA:208,26,1,1
BRDA:223,27,0,2
BRDA:223,27,1,2
BRDA:223,27,2,0
BRDA:248,28,0,11
BRDA:248,28,1,9
BRDA:278,29,0,1
BRDA:285,30,0,11
BRDA:307,31,0,2
BRDA:307,32,0,8
BRDA:307,32,1,3
BRDA:312,33,0,3
BRDA:333,34,0,3
BRDA:333,35,0,3
BRDA:333,35,1,3
BRDA:333,36,0,6
BRDA:333,36,1,6
BRDA:335,37,0,3
BRDA:335,37,1,2
BRDA:352,38,0,2
BRDA:352,38,1,6
BRDA:352,39,0,8
BRDA:352,39,1,3
BRDA:352,40,0,3
BRDA:352,40,1,5
BRDA:352,41,0,8
BRDA:352,41,1,8
BRDA:360,42,0,1
BRDA:360,42,1,1
BRDA:364,43,0,2
BRDA:364,44,0,6
BRDA:364,44,1,3
BRDA:364,45,0,3
BRDA:364,45,1,3
BRDA:364,46,0,6
BRDA:364,46,1,6
BRDA:384,47,0,2
BRDA:384,47,1,2
BRDA:384,47,2,2
BRDA:384,47,3,2
BRDA:384,47,4,2
BRDA:386,48,0,1
BRDA:386,48,1,1
BRDA:386,49,0,2
BRDA:386,49,1,2
BRDA:389,50,0,1
BRDA:389,50,1,1
BRDA:389,51,0,2
BRDA:389,51,1,2
BRDA:392,52,0,1
BRDA:392,52,1,1
BRDA:392,53,0,2
BRDA:392,53,1,2
BRDA:415,54,0,1
BRDA:415,54,1,3
BRDA:418,55,0,4
BRDA:418,55,1,4
BRDA:418,56,0,4
BRDA:418,56,1,0
BRDA:418,57,0,4
BRDA:418,57,1,4
BRDA:419,58,0,4
BRDA:419,58,1,4
BRDA:419,59,0,4
BRDA:419,59,1,0
BRDA:419,60,0,4
BRDA:419,60,1,4
BRDA:428,61,0,2
BRDA:431,62,0,3
BRDA:431,62,1,2
BRDA:432,63,0,3
BRDA:432,63,1,0
BRDA:436,64,0,1
BRDA:436,64,1,2
BRDA:438,65,0,1
BRDA:438,65,1,1
BRDA:438,66,0,2
BRDA:438,66,1,1
BRDA:439,67,0,0
BRDA:439,67,1,1
BRF:121
BRH:109
end_of_record
